[INFO] 17:49:22:644 test_log/(4641:4641): Hola! Soy un log
[INFO] 19:51:08:061 test_log/(3674:3674): Hola! Soy un log
[INFO] 19:51:08:068 test_log/(3674:3674): valor
[INFO] 19:58:25:466 test_log/(3813:3813): Hola! Soy un log
[INFO] 19:58:25:479 test_log/(3813:3813): valor
[INFO] 19:58:30:469 test_log/(3813:3813): hello
[INFO] 20:04:47:168 test_log/(3920:3920): Hola! Soy un log
[INFO] 20:04:47:183 test_log/(3920:3920): valor
[INFO] 20:04:50:037 test_log/(3920:3920): hola
[INFO] 20:04:55:366 test_log/(3920:3920): a todos
[INFO] 20:04:57:802 test_log/(3920:3920): 
[INFO] 20:30:08:119 test_log/(4259:4259): Hola! Soy un log
[INFO] 20:30:08:131 test_log/(4259:4259): valor
[INFO] 20:30:15:187 test_log/(4259:4259): 
[INFO] 20:32:14:720 test_log/(4286:4286): Hola! Soy un log
[INFO] 20:32:14:729 test_log/(4286:4286): valor
[INFO] 20:32:17:106 test_log/(4286:4286): 
[INFO] 20:45:02:094 test_log/(4492:4492): Hola! Soy un log
[INFO] 20:45:02:102 test_log/(4492:4492): valor
[INFO] 20:45:33:378 test_log/(4492:4492): hola
[INFO] 20:45:36:256 test_log/(4492:4492): 
[INFO] 20:46:25:560 test_log/(4510:4510): Hola! Soy un log
[INFO] 20:46:25:563 test_log/(4510:4510): valor
[INFO] 20:46:41:297 test_log/(4510:4510): 
[INFO] 20:47:05:761 test_log/(4520:4520): Hola! Soy un log
[INFO] 20:47:05:767 test_log/(4520:4520): valor
[INFO] 20:47:09:648 test_log/(4520:4520): hola
[INFO] 20:47:11:856 test_log/(4520:4520): 
[INFO] 21:04:37:751 test_log/(4826:4826): Hola! Soy un log
[INFO] 21:04:37:761 test_log/(4826:4826): valor
[INFO] 21:04:42:605 test_log/(4826:4826): hola
[INFO] 21:04:46:557 test_log/(4826:4826): hola
[INFO] 21:04:49:230 test_log/(4826:4826): chau
[INFO] 21:04:49:950 test_log/(4826:4826): 
